<?xml version="1.0" encoding="UTF-8"?>
<testng-results ignored="0" total="2" passed="2" failed="0" skipped="0">
  <reporter-output>
  </reporter-output>
  <suite started-at="2025-03-03T00:32:04 IST" name="Default suite" finished-at="2025-03-03T00:32:55 IST" duration-ms="50792">
    <groups>
    </groups>
    <test started-at="2025-03-03T00:32:04 IST" name="Default test" finished-at="2025-03-03T00:32:55 IST" duration-ms="50792">
      <class name="POMDriverFactory.TestScript">
        <test-method is-config="true" signature="signIn()[pri:0, instance:POMDriverFactory.TestScript@31304f14]" started-at="2025-03-03T00:32:04 IST" name="signIn" finished-at="2025-03-03T00:32:15 IST" duration-ms="10469" status="PASS">
          <reporter-output>
          </reporter-output>
        </test-method> <!-- signIn -->
        <test-method signature="usercreation()[pri:0, instance:POMDriverFactory.TestScript@31304f14]" started-at="2025-03-03T00:32:15 IST" name="usercreation" finished-at="2025-03-03T00:32:28 IST" duration-ms="12927" status="PASS">
          <reporter-output>
          </reporter-output>
        </test-method> <!-- usercreation -->
        <test-method signature="employeecreation()[pri:1, instance:POMDriverFactory.TestScript@31304f14]" started-at="2025-03-03T00:32:28 IST" name="employeecreation" finished-at="2025-03-03T00:32:47 IST" duration-ms="18905" status="PASS">
          <reporter-output>
          </reporter-output>
        </test-method> <!-- employeecreation -->
        <test-method is-config="true" signature="signOut()[pri:0, instance:POMDriverFactory.TestScript@31304f14]" started-at="2025-03-03T00:32:47 IST" name="signOut" finished-at="2025-03-03T00:32:55 IST" duration-ms="8461" status="PASS">
          <reporter-output>
          </reporter-output>
        </test-method> <!-- signOut -->
      </class> <!-- POMDriverFactory.TestScript -->
    </test> <!-- Default test -->
  </suite> <!-- Default suite -->
</testng-results>
